[0.088s] DEBUG:colcon:Command line arguments: ['/usr/bin/colcon', 'list', '-p', '--base-paths', '/home/mr_robot/Desktop/Git/ecl_ws']
[0.088s] DEBUG:colcon:Parsed command line arguments: Namespace(log_base=None, log_level=None, verb_name='list', build_base='build', ignore_user_meta=False, metas=['./colcon.meta'], base_paths=['/home/mr_robot/Desktop/Git/ecl_ws'], packages_ignore=None, packages_ignore_regex=None, paths=None, packages_up_to=None, packages_up_to_regex=None, packages_above=None, packages_above_and_dependencies=None, packages_above_depth=None, packages_select_by_dep=None, packages_skip_by_dep=None, packages_skip_up_to=None, packages_select_build_failed=False, packages_skip_build_finished=False, packages_select_test_failures=False, packages_skip_test_passed=False, packages_select=None, packages_skip=None, packages_select_regex=None, packages_skip_regex=None, packages_start=None, packages_end=None, allow_overriding=[], topological_order=False, names_only=False, paths_only=True, topological_graph=False, topological_graph_dot=False, topological_graph_density=False, topological_graph_legend=False, topological_graph_dot_cluster=False, topological_graph_dot_include_skipped=False, verb_parser=<colcon_defaults.argument_parser.defaults.DefaultArgumentsDecorator object at 0x7f1aa5a42f50>, verb_extension=<colcon_package_information.verb.list.ListVerb object at 0x7f1aa5a41ab0>, main=<bound method ListVerb.main of <colcon_package_information.verb.list.ListVerb object at 0x7f1aa5a41ab0>>)
[0.216s] Level 1:colcon.colcon_core.package_discovery:discover_packages(colcon_meta) check parameters
[0.216s] Level 1:colcon.colcon_core.package_discovery:discover_packages(recursive) check parameters
[0.216s] Level 1:colcon.colcon_core.package_discovery:discover_packages(ignore) check parameters
[0.216s] Level 1:colcon.colcon_core.package_discovery:discover_packages(path) check parameters
[0.216s] Level 1:colcon.colcon_core.package_discovery:discover_packages(recursive) discover
[0.216s] INFO:colcon.colcon_core.package_discovery:Crawling recursively for packages in '/home/mr_robot/Desktop/Git/ecl_ws'
[0.216s] Level 1:colcon.colcon_core.package_identification:_identify(/home/mr_robot/Desktop/Git/ecl_ws) by extensions ['ignore', 'ignore_ament_install']
[0.216s] Level 1:colcon.colcon_core.package_identification:_identify(/home/mr_robot/Desktop/Git/ecl_ws) by extension 'ignore'
[0.216s] Level 1:colcon.colcon_core.package_identification:_identify(/home/mr_robot/Desktop/Git/ecl_ws) by extension 'ignore_ament_install'
[0.216s] Level 1:colcon.colcon_core.package_identification:_identify(/home/mr_robot/Desktop/Git/ecl_ws) by extensions ['colcon_pkg']
[0.216s] Level 1:colcon.colcon_core.package_identification:_identify(/home/mr_robot/Desktop/Git/ecl_ws) by extension 'colcon_pkg'
[0.217s] Level 1:colcon.colcon_core.package_identification:_identify(/home/mr_robot/Desktop/Git/ecl_ws) by extensions ['colcon_meta']
[0.217s] Level 1:colcon.colcon_core.package_identification:_identify(/home/mr_robot/Desktop/Git/ecl_ws) by extension 'colcon_meta'
[0.217s] Level 1:colcon.colcon_core.package_identification:_identify(/home/mr_robot/Desktop/Git/ecl_ws) by extensions ['ros']
[0.217s] Level 1:colcon.colcon_core.package_identification:_identify(/home/mr_robot/Desktop/Git/ecl_ws) by extension 'ros'
[0.227s] Level 1:colcon.colcon_core.package_identification:_identify(/home/mr_robot/Desktop/Git/ecl_ws) by extensions ['cmake', 'python']
[0.227s] Level 1:colcon.colcon_core.package_identification:_identify(/home/mr_robot/Desktop/Git/ecl_ws) by extension 'cmake'
[0.227s] Level 1:colcon.colcon_core.package_identification:_identify(/home/mr_robot/Desktop/Git/ecl_ws) by extension 'python'
[0.227s] Level 1:colcon.colcon_core.package_identification:_identify(/home/mr_robot/Desktop/Git/ecl_ws) by extensions ['python_setup_py']
[0.227s] Level 1:colcon.colcon_core.package_identification:_identify(/home/mr_robot/Desktop/Git/ecl_ws) by extension 'python_setup_py'
[0.228s] Level 1:colcon.colcon_core.package_identification:_identify(/home/mr_robot/Desktop/Git/ecl_ws/build) by extensions ['ignore', 'ignore_ament_install']
[0.228s] Level 1:colcon.colcon_core.package_identification:_identify(/home/mr_robot/Desktop/Git/ecl_ws/build) by extension 'ignore'
[0.228s] Level 1:colcon.colcon_core.package_identification:_identify(/home/mr_robot/Desktop/Git/ecl_ws/build) by extension 'ignore_ament_install'
[0.228s] Level 1:colcon.colcon_core.package_identification:_identify(/home/mr_robot/Desktop/Git/ecl_ws/build) by extensions ['colcon_pkg']
[0.228s] Level 1:colcon.colcon_core.package_identification:_identify(/home/mr_robot/Desktop/Git/ecl_ws/build) by extension 'colcon_pkg'
[0.228s] Level 1:colcon.colcon_core.package_identification:_identify(/home/mr_robot/Desktop/Git/ecl_ws/build) by extensions ['colcon_meta']
[0.228s] Level 1:colcon.colcon_core.package_identification:_identify(/home/mr_robot/Desktop/Git/ecl_ws/build) by extension 'colcon_meta'
[0.228s] Level 1:colcon.colcon_core.package_identification:_identify(/home/mr_robot/Desktop/Git/ecl_ws/build) by extensions ['ros']
[0.228s] Level 1:colcon.colcon_core.package_identification:_identify(/home/mr_robot/Desktop/Git/ecl_ws/build) by extension 'ros'
[0.228s] Level 1:colcon.colcon_core.package_identification:_identify(/home/mr_robot/Desktop/Git/ecl_ws/build) ignored
[0.228s] Level 1:colcon.colcon_core.package_identification:_identify(/home/mr_robot/Desktop/Git/ecl_ws/devel) by extensions ['ignore', 'ignore_ament_install']
[0.228s] Level 1:colcon.colcon_core.package_identification:_identify(/home/mr_robot/Desktop/Git/ecl_ws/devel) by extension 'ignore'
[0.228s] Level 1:colcon.colcon_core.package_identification:_identify(/home/mr_robot/Desktop/Git/ecl_ws/devel) by extension 'ignore_ament_install'
[0.228s] Level 1:colcon.colcon_core.package_identification:_identify(/home/mr_robot/Desktop/Git/ecl_ws/devel) ignored
[0.228s] Level 1:colcon.colcon_core.package_identification:_identify(/home/mr_robot/Desktop/Git/ecl_ws/log) by extensions ['ignore', 'ignore_ament_install']
[0.228s] Level 1:colcon.colcon_core.package_identification:_identify(/home/mr_robot/Desktop/Git/ecl_ws/log) by extension 'ignore'
[0.228s] Level 1:colcon.colcon_core.package_identification:_identify(/home/mr_robot/Desktop/Git/ecl_ws/log) ignored
[0.228s] Level 1:colcon.colcon_core.package_identification:_identify(/home/mr_robot/Desktop/Git/ecl_ws/src) by extensions ['ignore', 'ignore_ament_install']
[0.228s] Level 1:colcon.colcon_core.package_identification:_identify(/home/mr_robot/Desktop/Git/ecl_ws/src) by extension 'ignore'
[0.228s] Level 1:colcon.colcon_core.package_identification:_identify(/home/mr_robot/Desktop/Git/ecl_ws/src) by extension 'ignore_ament_install'
[0.228s] Level 1:colcon.colcon_core.package_identification:_identify(/home/mr_robot/Desktop/Git/ecl_ws/src) by extensions ['colcon_pkg']
[0.228s] Level 1:colcon.colcon_core.package_identification:_identify(/home/mr_robot/Desktop/Git/ecl_ws/src) by extension 'colcon_pkg'
[0.228s] Level 1:colcon.colcon_core.package_identification:_identify(/home/mr_robot/Desktop/Git/ecl_ws/src) by extensions ['colcon_meta']
[0.228s] Level 1:colcon.colcon_core.package_identification:_identify(/home/mr_robot/Desktop/Git/ecl_ws/src) by extension 'colcon_meta'
[0.229s] Level 1:colcon.colcon_core.package_identification:_identify(/home/mr_robot/Desktop/Git/ecl_ws/src) by extensions ['ros']
[0.229s] Level 1:colcon.colcon_core.package_identification:_identify(/home/mr_robot/Desktop/Git/ecl_ws/src) by extension 'ros'
[0.229s] Level 1:colcon.colcon_core.package_identification:_identify(/home/mr_robot/Desktop/Git/ecl_ws/src) by extensions ['cmake', 'python']
[0.229s] Level 1:colcon.colcon_core.package_identification:_identify(/home/mr_robot/Desktop/Git/ecl_ws/src) by extension 'cmake'
[0.229s] Level 1:colcon.colcon_core.package_identification:_identify(/home/mr_robot/Desktop/Git/ecl_ws/src) by extension 'python'
[0.229s] Level 1:colcon.colcon_core.package_identification:_identify(/home/mr_robot/Desktop/Git/ecl_ws/src) by extensions ['python_setup_py']
[0.229s] Level 1:colcon.colcon_core.package_identification:_identify(/home/mr_robot/Desktop/Git/ecl_ws/src) by extension 'python_setup_py'
[0.229s] Level 1:colcon.colcon_core.package_identification:_identify(/home/mr_robot/Desktop/Git/ecl_ws/src/bobo_node) by extensions ['ignore', 'ignore_ament_install']
[0.229s] Level 1:colcon.colcon_core.package_identification:_identify(/home/mr_robot/Desktop/Git/ecl_ws/src/bobo_node) by extension 'ignore'
[0.229s] Level 1:colcon.colcon_core.package_identification:_identify(/home/mr_robot/Desktop/Git/ecl_ws/src/bobo_node) by extension 'ignore_ament_install'
[0.229s] Level 1:colcon.colcon_core.package_identification:_identify(/home/mr_robot/Desktop/Git/ecl_ws/src/bobo_node) by extensions ['colcon_pkg']
[0.229s] Level 1:colcon.colcon_core.package_identification:_identify(/home/mr_robot/Desktop/Git/ecl_ws/src/bobo_node) by extension 'colcon_pkg'
[0.229s] Level 1:colcon.colcon_core.package_identification:_identify(/home/mr_robot/Desktop/Git/ecl_ws/src/bobo_node) by extensions ['colcon_meta']
[0.229s] Level 1:colcon.colcon_core.package_identification:_identify(/home/mr_robot/Desktop/Git/ecl_ws/src/bobo_node) by extension 'colcon_meta'
[0.229s] Level 1:colcon.colcon_core.package_identification:_identify(/home/mr_robot/Desktop/Git/ecl_ws/src/bobo_node) by extensions ['ros']
[0.229s] Level 1:colcon.colcon_core.package_identification:_identify(/home/mr_robot/Desktop/Git/ecl_ws/src/bobo_node) by extension 'ros'
[0.232s] DEBUG:colcon.colcon_core.package_identification:Package '/home/mr_robot/Desktop/Git/ecl_ws/src/bobo_node' with type 'ros.catkin' and name 'bobo_node'
[0.232s] Level 1:colcon.colcon_core.package_identification:_identify(/home/mr_robot/Desktop/Git/ecl_ws/src/popo_node) by extensions ['ignore', 'ignore_ament_install']
[0.232s] Level 1:colcon.colcon_core.package_identification:_identify(/home/mr_robot/Desktop/Git/ecl_ws/src/popo_node) by extension 'ignore'
[0.232s] Level 1:colcon.colcon_core.package_identification:_identify(/home/mr_robot/Desktop/Git/ecl_ws/src/popo_node) by extension 'ignore_ament_install'
[0.233s] Level 1:colcon.colcon_core.package_identification:_identify(/home/mr_robot/Desktop/Git/ecl_ws/src/popo_node) by extensions ['colcon_pkg']
[0.233s] Level 1:colcon.colcon_core.package_identification:_identify(/home/mr_robot/Desktop/Git/ecl_ws/src/popo_node) by extension 'colcon_pkg'
[0.233s] Level 1:colcon.colcon_core.package_identification:_identify(/home/mr_robot/Desktop/Git/ecl_ws/src/popo_node) by extensions ['colcon_meta']
[0.233s] Level 1:colcon.colcon_core.package_identification:_identify(/home/mr_robot/Desktop/Git/ecl_ws/src/popo_node) by extension 'colcon_meta'
[0.233s] Level 1:colcon.colcon_core.package_identification:_identify(/home/mr_robot/Desktop/Git/ecl_ws/src/popo_node) by extensions ['ros']
[0.233s] Level 1:colcon.colcon_core.package_identification:_identify(/home/mr_robot/Desktop/Git/ecl_ws/src/popo_node) by extension 'ros'
[0.234s] DEBUG:colcon.colcon_core.package_identification:Package '/home/mr_robot/Desktop/Git/ecl_ws/src/popo_node' with type 'ros.catkin' and name 'popo_node'
[0.234s] Level 1:colcon.colcon_core.package_discovery:discover_packages(recursive) using defaults
